2019-05-28 16:35:20,616 [INFO] [StartupInfoLogger.java:50] Starting SpringBootWebApplication on didierEsteban with PID 16065 (started by didier_esteban in /home/didier_esteban/Documentos/Documentos/empresa bogota/Proyect_ws/ws_confianza/confianza-ws-rest)
2019-05-28 16:35:20,703 [INFO] [SpringApplication.java:684] The following profiles are active: dev
2019-05-28 16:35:20,935 [INFO] [AbstractApplicationContext.java:590] Refreshing org.springframework.boot.web.servlet.context.AnnotationConfigServletWebServerApplicationContext@77825085: startup date [Tue May 28 16:35:20 COT 2019]; root of context hierarchy
2019-05-28 16:35:24,614 [DEBUG] [RepositoryConfigurationDelegate.java:121] Scanning for repositories in packages co.com.ws.confianza.dao.oauth.
2019-05-28 16:35:24,693 [DEBUG] [ClassPathScanningCandidateComponentProvider.java:437] Identified candidate component class: file [/home/didier_esteban/Documentos/Documentos/empresa bogota/Proyect_ws/ws_confianza/confianza-ws-dao/target/classes/co/com/ws/confianza/dao/oauth/portal/PortalDAO.class]
2019-05-28 16:35:24,695 [DEBUG] [ClassPathScanningCandidateComponentProvider.java:437] Identified candidate component class: file [/home/didier_esteban/Documentos/Documentos/empresa bogota/Proyect_ws/ws_confianza/confianza-ws-dao/target/classes/co/com/ws/confianza/dao/oauth/user/UserDAO.class]
2019-05-28 16:35:24,991 [DEBUG] [RepositoryConfigurationDelegate.java:142] Spring Data JPA - Registering repository: portalDAO - Interface: co.com.ws.confianza.dao.oauth.portal.PortalDAO - Factory: org.springframework.data.jpa.repository.support.JpaRepositoryFactoryBean
2019-05-28 16:35:25,011 [DEBUG] [RepositoryConfigurationDelegate.java:142] Spring Data JPA - Registering repository: userDAO - Interface: co.com.ws.confianza.dao.oauth.user.UserDAO - Factory: org.springframework.data.jpa.repository.support.JpaRepositoryFactoryBean
2019-05-28 16:35:25,012 [DEBUG] [RepositoryConfigurationDelegate.java:153] Finished repository scanning.
2019-05-28 16:35:25,014 [DEBUG] [RepositoryConfigurationDelegate.java:121] Scanning for repositories in packages co.com.ws.confianza.dao.external.
2019-05-28 16:35:25,036 [DEBUG] [RepositoryConfigurationDelegate.java:153] Finished repository scanning.
2019-05-28 16:35:25,055 [INFO] [XmlBeanDefinitionReader.java:317] Loading XML bean definitions from URL [file:/home/didier_esteban/Documentos/Documentos/empresa%20bogota/Proyect_ws/ws_confianza/confianza-ws-rest/target/classes/spring/dao-appContextBoot.xml]
2019-05-28 16:35:25,661 [INFO] [DefaultListableBeanFactory.java:821] Overriding bean definition for bean 'org.springframework.transaction.config.internalTransactionalEventListenerFactory' with a different definition: replacing [Root bean: class [null]; scope=; abstract=false; lazyInit=false; autowireMode=3; dependencyCheck=0; autowireCandidate=true; primary=false; factoryBeanName=org.springframework.transaction.annotation.ProxyTransactionManagementConfiguration; factoryMethodName=transactionalEventListenerFactory; initMethodName=null; destroyMethodName=(inferred); defined in class path resource [org/springframework/transaction/annotation/ProxyTransactionManagementConfiguration.class]] with [Root bean: class [org.springframework.transaction.event.TransactionalEventListenerFactory]; scope=; abstract=false; lazyInit=false; autowireMode=0; dependencyCheck=0; autowireCandidate=true; primary=false; factoryBeanName=null; factoryMethodName=null; initMethodName=null; destroyMethodName=null]
2019-05-28 16:35:25,674 [INFO] [XmlBeanDefinitionReader.java:317] Loading XML bean definitions from file [/home/didier_esteban/Documentos/Documentos/empresa bogota/Proyect_ws/ws_confianza/confianza-ws-dao/target/classes/queries/clientesCupo.xml]
2019-05-28 16:35:25,756 [INFO] [XmlBeanDefinitionReader.java:317] Loading XML bean definitions from file [/home/didier_esteban/Documentos/Documentos/empresa bogota/Proyect_ws/ws_confianza/confianza-ws-dao/target/classes/queries/consorcionUnionesTemporales.xml]
2019-05-28 16:35:28,016 [WARN] [PropertySourcesDeducer.java:75] Multiple PropertySourcesPlaceholderConfigurer beans registered [propertySourcesPlaceholderConfigurer, org.springframework.context.support.PropertySourcesPlaceholderConfigurer#0], falling back to Environment
2019-05-28 16:35:28,264 [INFO] [PostProcessorRegistrationDelegate.java:326] Bean 'springBootWebApplication' of type [co.com.ws.confianza.restapp.SpringBootWebApplication$$EnhancerBySpringCGLIB$$23f93f67] is not eligible for getting processed by all BeanPostProcessors (for example: not eligible for auto-proxying)
2019-05-28 16:35:28,404 [INFO] [PostProcessorRegistrationDelegate.java:326] Bean 'org.springframework.ws.config.annotation.DelegatingWsConfiguration' of type [org.springframework.ws.config.annotation.DelegatingWsConfiguration$$EnhancerBySpringCGLIB$$79ed8bed] is not eligible for getting processed by all BeanPostProcessors (for example: not eligible for auto-proxying)
2019-05-28 16:35:28,766 [INFO] [AbstractAddressingEndpointMapping.java:236] Supporting [WS-Addressing August 2004, WS-Addressing 1.0]
2019-05-28 16:35:28,877 [INFO] [PostProcessorRegistrationDelegate.java:326] Bean 'org.springframework.transaction.annotation.ProxyTransactionManagementConfiguration' of type [org.springframework.transaction.annotation.ProxyTransactionManagementConfiguration$$EnhancerBySpringCGLIB$$d555c6ee] is not eligible for getting processed by all BeanPostProcessors (for example: not eligible for auto-proxying)
2019-05-28 16:35:29,017 [INFO] [PostProcessorRegistrationDelegate.java:326] Bean 'org.springframework.security.config.annotation.configuration.ObjectPostProcessorConfiguration' of type [org.springframework.security.config.annotation.configuration.ObjectPostProcessorConfiguration$$EnhancerBySpringCGLIB$$6e038f28] is not eligible for getting processed by all BeanPostProcessors (for example: not eligible for auto-proxying)
2019-05-28 16:35:29,046 [INFO] [PostProcessorRegistrationDelegate.java:326] Bean 'objectPostProcessor' of type [org.springframework.security.config.annotation.configuration.AutowireBeanFactoryObjectPostProcessor] is not eligible for getting processed by all BeanPostProcessors (for example: not eligible for auto-proxying)
2019-05-28 16:35:29,053 [INFO] [PostProcessorRegistrationDelegate.java:326] Bean 'org.springframework.security.access.expression.method.DefaultMethodSecurityExpressionHandler@590f0c50' of type [org.springframework.security.access.expression.method.DefaultMethodSecurityExpressionHandler] is not eligible for getting processed by all BeanPostProcessors (for example: not eligible for auto-proxying)
2019-05-28 16:35:29,071 [INFO] [PostProcessorRegistrationDelegate.java:326] Bean 'org.springframework.security.config.annotation.method.configuration.GlobalMethodSecurityConfiguration' of type [org.springframework.security.config.annotation.method.configuration.GlobalMethodSecurityConfiguration$$EnhancerBySpringCGLIB$$92d831da] is not eligible for getting processed by all BeanPostProcessors (for example: not eligible for auto-proxying)
2019-05-28 16:35:29,111 [INFO] [PostProcessorRegistrationDelegate.java:326] Bean 'methodSecurityMetadataSource' of type [org.springframework.security.access.method.DelegatingMethodSecurityMetadataSource] is not eligible for getting processed by all BeanPostProcessors (for example: not eligible for auto-proxying)
2019-05-28 16:35:30,883 [INFO] [TomcatWebServer.java:91] Tomcat initialized with port(s): 8080 (http)
2019-05-28 16:35:31,033 [INFO] [DirectJDKLog.java:180] Starting service [Tomcat]
2019-05-28 16:35:31,034 [INFO] [DirectJDKLog.java:180] Starting Servlet Engine: Apache Tomcat/8.5.34
2019-05-28 16:35:31,063 [INFO] [DirectJDKLog.java:180] The APR based Apache Tomcat Native library which allows optimal performance in production environments was not found on the java.library.path: [/usr/java/packages/lib/amd64:/usr/lib64:/lib64:/lib:/usr/lib]
2019-05-28 16:35:31,553 [INFO] [DirectJDKLog.java:180] Initializing Spring embedded WebApplicationContext
2019-05-28 16:35:31,554 [INFO] [ServletWebServerApplicationContext.java:285] Root WebApplicationContext: initialization completed in 10619 ms
2019-05-28 16:35:32,057 [INFO] [AbstractFilterRegistrationBean.java:245] Mapping filter: 'characterEncodingFilter' to: [/*]
2019-05-28 16:35:32,059 [INFO] [AbstractFilterRegistrationBean.java:245] Mapping filter: 'hiddenHttpMethodFilter' to: [/*]
2019-05-28 16:35:32,061 [INFO] [AbstractFilterRegistrationBean.java:245] Mapping filter: 'httpPutFormContentFilter' to: [/*]
2019-05-28 16:35:32,062 [INFO] [AbstractFilterRegistrationBean.java:245] Mapping filter: 'requestContextFilter' to: [/*]
2019-05-28 16:35:32,064 [INFO] [AbstractFilterRegistrationBean.java:245] Mapping filter: 'springSecurityFilterChain' to: [/*]
2019-05-28 16:35:32,065 [INFO] [ServletRegistrationBean.java:187] Servlet dispatcherServlet mapped to [/]
2019-05-28 16:35:32,071 [INFO] [ServletRegistrationBean.java:187] Servlet webServlet mapped to [/h2/*]
2019-05-28 16:35:32,073 [INFO] [ServletRegistrationBean.java:187] Servlet messageDispatcherServlet mapped to [/services/*]
2019-05-28 16:35:32,847 [INFO] [HikariDataSource.java:110] HikariPool-1 - Starting...
2019-05-28 16:35:33,421 [INFO] [HikariDataSource.java:123] HikariPool-1 - Start completed.
2019-05-28 16:35:33,681 [INFO] [LocalContainerEntityManagerFactoryBean.java:361] Building JPA container EntityManagerFactory for persistence unit 'h2DB'
2019-05-28 16:35:37,412 [INFO] [AbstractEntityManagerFactoryBean.java:415] Initialized JPA EntityManagerFactory for persistence unit 'h2DB'
